d:\c++ 專案開發基礎實戰\scrollingtext\scrollingtextplus\debug\vc142.pdb
d:\c++ 專案開發基礎實戰\scrollingtext\scrollingtextplus\debug\vc142.idb
d:\c++ 專案開發基礎實戰\scrollingtext\scrollingtextplus\debug\main.obj
d:\c++ 專案開發基礎實戰\scrollingtext\debug\scrollingtextplus.ilk
d:\c++ 專案開發基礎實戰\scrollingtext\debug\scrollingtextplus.exe
d:\c++ 專案開發基礎實戰\scrollingtext\debug\scrollingtextplus.pdb
d:\c++ 專案開發基礎實戰\scrollingtext\debug\sfml-graphics-d-2.dll
d:\c++ 專案開發基礎實戰\scrollingtext\debug\sfml-window-d-2.dll
d:\c++ 專案開發基礎實戰\scrollingtext\debug\sfml-system-d-2.dll
d:\c++ 專案開發基礎實戰\scrollingtext\debug\freetyped.dll
d:\c++ 專案開發基礎實戰\scrollingtext\debug\zlibd1.dll
d:\c++ 專案開發基礎實戰\scrollingtext\debug\bz2d.dll
d:\c++ 專案開發基礎實戰\scrollingtext\debug\libpng16d.dll
d:\c++ 專案開發基礎實戰\scrollingtext\debug\brotlidec.dll
d:\c++ 專案開發基礎實戰\scrollingtext\debug\brotlicommon.dll
d:\c++ 專案開發基礎實戰\scrollingtext\scrollingtextplus\debug\scrollin.9c956c19.tlog\cl.command.1.tlog
d:\c++ 專案開發基礎實戰\scrollingtext\scrollingtextplus\debug\scrollin.9c956c19.tlog\cl.read.1.tlog
d:\c++ 專案開發基礎實戰\scrollingtext\scrollingtextplus\debug\scrollin.9c956c19.tlog\cl.write.1.tlog
d:\c++ 專案開發基礎實戰\scrollingtext\scrollingtextplus\debug\scrollin.9c956c19.tlog\link.command.1.tlog
d:\c++ 專案開發基礎實戰\scrollingtext\scrollingtextplus\debug\scrollin.9c956c19.tlog\link.read.1.tlog
d:\c++ 專案開發基礎實戰\scrollingtext\scrollingtextplus\debug\scrollin.9c956c19.tlog\link.write.1.tlog
d:\c++ 專案開發基礎實戰\scrollingtext\scrollingtextplus\debug\scrollin.9c956c19.tlog\scrollingtextplus.write.1u.tlog
